Bringing machine 'wef' up with 'virtualbox' provider...
==> wef: Importing base box 'detectionlab/win2016'...
[KProgress: 10%[KProgress: 30%[KProgress: 90%[K==> wef: Matching MAC address for NAT networking...
==> wef: Checking if box 'detectionlab/win2016' version '1.4' is up to date...
==> wef: Setting the name of the VM: wef.windomain.local
==> wef: Fixed port collision for 5985 => 55985. Now on port 2202.
==> wef: Fixed port collision for 5986 => 55986. Now on port 2203.
==> wef: Fixed port collision for 22 => 2222. Now on port 2204.
==> wef: Clearing any previously set network interfaces...
==> wef: Preparing network interfaces based on configuration...
    wef: Adapter 1: nat
    wef: Adapter 2: hostonly
==> wef: Forwarding ports...
    wef: 5985 (guest) => 2202 (host) (adapter 1)
    wef: 5986 (guest) => 2203 (host) (adapter 1)
    wef: 22 (guest) => 2204 (host) (adapter 1)
==> wef: Running 'pre-boot' VM customizations...
==> wef: Booting VM...
==> wef: Waiting for machine to boot. This may take a few minutes...
    wef: WinRM address: 127.0.0.1:2202
    wef: WinRM username: vagrant
    wef: WinRM execution_time_limit: PT2H
    wef: WinRM transport: negotiate
